2025-03-19 00:02:44,589 - MainProcess - INFO - Parsed 10 valid logs from partition 0
2025-03-19 00:05:33,163 - MainProcess - CRITICAL - Log sending aborted
Traceback (most recent call last):
  File "/Users/mac-wade/Desktop/new-main/src/processor/custom_processor.py", line 63, in _send_logs_safely
    if not await self.sender.send(logs):
AttributeError: 'CustomProcessor' object has no attribute 'sender'
2025-03-19 00:07:36,282 - MainProcess - INFO - Parsed 10 valid logs from partition 0
2025-03-19 05:36:53,515 - MainProcess - INFO - Parsed 10 valid logs from partition 1
2025-03-19 05:37:48,709 - MainProcess - INFO - Parsed 10 valid logs from partition 0
2025-03-19 05:38:24,163 - MainProcess - ERROR - Partial logs failed to send
2025-03-19 05:38:24,229 - MainProcess - INFO - Parsed 10 valid logs from partition 0
2025-03-19 05:38:49,534 - MainProcess - ERROR - Partial logs failed to send
2025-03-19 05:38:49,553 - MainProcess - INFO - Parsed 10 valid logs from partition 0
2025-03-19 05:39:04,689 - MainProcess - INFO - Parsed 10 valid logs from partition 0
2025-03-19 05:43:24,544 - MainProcess - INFO - Parsed 10 valid logs from partition 0
2025-03-19 06:20:27,093 - MainProcess - INFO - Parsed 10 valid logs from partition 0
2025-03-19 06:21:07,916 - MainProcess - INFO - Parsed 10 valid logs from partition 1
2025-03-19 06:22:02,236 - MainProcess - INFO - Parsed 10 valid logs from partition 0
2025-03-19 06:22:52,925 - MainProcess - INFO - Parsed 10 valid logs from partition 0
2025-03-19 06:26:21,818 - MainProcess - INFO - Parsed 10 valid logs from partition 0
2025-03-19 06:27:20,545 - MainProcess - INFO - Parsed 10 valid logs from partition 1
2025-03-19 06:27:55,360 - MainProcess - INFO - Parsed 10 valid logs from partition 1
2025-03-19 06:30:35,249 - MainProcess - INFO - Parsed 10 valid logs from partition 0
2025-03-19 06:30:45,151 - MainProcess - INFO - Parsed 10 valid logs from partition 1
2025-03-19 06:30:53,589 - MainProcess - ERROR - Partial logs failed to send
2025-03-19 06:30:53,616 - MainProcess - INFO - Parsed 10 valid logs from partition 0
2025-03-19 06:31:00,397 - MainProcess - ERROR - Partial logs failed to send
2025-03-19 06:31:00,451 - MainProcess - INFO - Parsed 10 valid logs from partition 1
2025-03-19 06:31:05,159 - MainProcess - ERROR - Partial logs failed to send
2025-03-19 06:31:07,277 - MainProcess - INFO - Parsed 10 valid logs from partition 0
2025-03-19 06:31:10,410 - MainProcess - ERROR - Partial logs failed to send
2025-03-19 06:31:13,551 - MainProcess - INFO - Parsed 10 valid logs from partition 1
2025-03-19 06:31:39,682 - MainProcess - INFO - Parsed 10 valid logs from partition 1
2025-03-19 06:31:50,078 - MainProcess - INFO - Parsed 10 valid logs from partition 0
2025-03-19 06:31:57,534 - MainProcess - INFO - Parsed 10 valid logs from partition 1
2025-03-19 06:34:25,811 - MainProcess - INFO - Parsed 10 valid logs from partition 1
2025-03-19 06:35:32,259 - MainProcess - INFO - Parsed 10 valid logs from partition 1
2025-03-19 06:36:49,659 - MainProcess - INFO - Parsed 10 valid logs from partition 1
2025-03-19 06:37:27,456 - MainProcess - INFO - Parsed 10 valid logs from partition 0
2025-03-19 06:39:11,615 - MainProcess - INFO - Parsed 10 valid logs from partition 0
2025-03-19 06:40:21,500 - MainProcess - INFO - Parsed 10 valid logs from partition 0
2025-03-19 06:41:56,261 - MainProcess - INFO - Parsed 10 valid logs from partition 0
2025-03-19 06:42:00,010 - MainProcess - ERROR - Partial logs failed to send
2025-03-19 06:42:00,030 - MainProcess - INFO - Parsed 10 valid logs from partition 1
2025-03-19 06:42:22,352 - MainProcess - INFO - Parsed 10 valid logs from partition 1
2025-03-19 06:42:29,984 - MainProcess - INFO - Parsed 10 valid logs from partition 0
2025-03-19 06:42:38,272 - MainProcess - INFO - Parsed 10 valid logs from partition 1
2025-03-19 06:42:47,151 - MainProcess - INFO - Parsed 10 valid logs from partition 0
2025-03-19 06:42:54,498 - MainProcess - INFO - Parsed 10 valid logs from partition 1
2025-03-19 06:43:01,591 - MainProcess - INFO - Parsed 10 valid logs from partition 0
2025-03-19 06:43:08,641 - MainProcess - INFO - Parsed 10 valid logs from partition 1
2025-03-19 06:43:15,449 - MainProcess - INFO - Parsed 10 valid logs from partition 0
2025-03-19 06:43:23,171 - MainProcess - INFO - Parsed 10 valid logs from partition 1
2025-03-19 06:43:29,477 - MainProcess - INFO - Parsed 10 valid logs from partition 0
2025-03-19 06:43:39,270 - MainProcess - INFO - Parsed 10 valid logs from partition 1
2025-03-19 06:43:47,386 - MainProcess - INFO - Parsed 10 valid logs from partition 0
2025-03-19 06:43:53,845 - MainProcess - INFO - Parsed 10 valid logs from partition 1
2025-03-19 06:44:01,924 - MainProcess - INFO - Parsed 10 valid logs from partition 0
2025-03-19 06:44:10,284 - MainProcess - INFO - Parsed 10 valid logs from partition 1
2025-03-19 06:44:18,802 - MainProcess - INFO - Parsed 10 valid logs from partition 0
2025-03-19 06:44:26,511 - MainProcess - INFO - Parsed 10 valid logs from partition 1
2025-03-19 06:44:35,800 - MainProcess - INFO - Parsed 10 valid logs from partition 0
2025-03-19 06:44:42,628 - MainProcess - INFO - Parsed 10 valid logs from partition 1
2025-03-19 06:44:51,733 - MainProcess - INFO - Parsed 10 valid logs from partition 0
2025-03-19 06:44:59,174 - MainProcess - INFO - Parsed 10 valid logs from partition 1
2025-03-19 06:45:04,979 - MainProcess - INFO - Parsed 10 valid logs from partition 0
2025-03-19 06:45:14,250 - MainProcess - INFO - Parsed 10 valid logs from partition 1
2025-03-19 06:45:21,921 - MainProcess - INFO - Parsed 10 valid logs from partition 0
2025-03-19 06:45:28,803 - MainProcess - INFO - Parsed 10 valid logs from partition 1
2025-03-19 06:45:33,900 - MainProcess - INFO - Parsed 10 valid logs from partition 0
2025-03-19 06:45:42,514 - MainProcess - INFO - Parsed 10 valid logs from partition 1
2025-03-19 06:45:51,845 - MainProcess - INFO - Parsed 10 valid logs from partition 0
2025-03-19 06:46:00,708 - MainProcess - INFO - Parsed 10 valid logs from partition 1
2025-03-19 06:46:08,161 - MainProcess - INFO - Parsed 10 valid logs from partition 0
2025-03-19 06:46:16,468 - MainProcess - INFO - Parsed 10 valid logs from partition 1
2025-03-19 06:46:25,652 - MainProcess - INFO - Parsed 10 valid logs from partition 0
2025-03-19 06:46:34,576 - MainProcess - INFO - Parsed 10 valid logs from partition 1
2025-03-19 06:46:42,326 - MainProcess - INFO - Parsed 10 valid logs from partition 0
2025-03-19 06:46:49,991 - MainProcess - INFO - Parsed 10 valid logs from partition 1
2025-03-19 06:46:59,366 - MainProcess - INFO - Parsed 10 valid logs from partition 0
2025-03-19 06:47:06,510 - MainProcess - INFO - Parsed 10 valid logs from partition 1
2025-03-19 06:47:13,269 - MainProcess - INFO - Parsed 10 valid logs from partition 0
2025-03-19 06:47:21,014 - MainProcess - INFO - Parsed 10 valid logs from partition 1
2025-03-19 06:47:30,039 - MainProcess - INFO - Parsed 10 valid logs from partition 0
2025-03-19 06:47:37,743 - MainProcess - INFO - Parsed 10 valid logs from partition 1
2025-03-19 06:47:45,163 - MainProcess - INFO - Parsed 10 valid logs from partition 0
2025-03-19 06:47:52,210 - MainProcess - INFO - Parsed 10 valid logs from partition 1
2025-03-19 06:48:01,898 - MainProcess - INFO - Parsed 10 valid logs from partition 0
2025-03-19 06:48:08,930 - MainProcess - INFO - Parsed 10 valid logs from partition 1
2025-03-19 06:48:18,649 - MainProcess - INFO - Parsed 10 valid logs from partition 0
2025-03-19 06:48:27,530 - MainProcess - INFO - Parsed 10 valid logs from partition 1
2025-03-19 06:48:34,803 - MainProcess - INFO - Parsed 10 valid logs from partition 0
2025-03-19 06:48:42,839 - MainProcess - INFO - Parsed 10 valid logs from partition 1
2025-03-19 06:48:54,658 - MainProcess - INFO - Parsed 10 valid logs from partition 0
2025-03-19 06:49:02,365 - MainProcess - INFO - Parsed 10 valid logs from partition 1
2025-03-19 06:49:10,317 - MainProcess - INFO - Parsed 10 valid logs from partition 0
2025-03-19 06:49:18,717 - MainProcess - INFO - Parsed 10 valid logs from partition 1
2025-03-19 06:49:27,151 - MainProcess - INFO - Parsed 10 valid logs from partition 0
2025-03-19 06:49:35,920 - MainProcess - INFO - Parsed 10 valid logs from partition 1
2025-03-19 06:49:41,374 - MainProcess - INFO - Parsed 10 valid logs from partition 0
2025-03-19 06:49:48,844 - MainProcess - INFO - Parsed 10 valid logs from partition 1
2025-03-19 06:49:56,334 - MainProcess - INFO - Parsed 10 valid logs from partition 0
2025-03-19 06:50:05,409 - MainProcess - INFO - Parsed 10 valid logs from partition 1
2025-03-19 06:50:14,125 - MainProcess - INFO - Parsed 10 valid logs from partition 0
2025-03-19 06:50:21,337 - MainProcess - INFO - Parsed 10 valid logs from partition 1
2025-03-19 06:50:32,805 - MainProcess - INFO - Parsed 10 valid logs from partition 0
2025-03-19 06:50:41,355 - MainProcess - INFO - Parsed 10 valid logs from partition 1
2025-03-19 06:50:49,197 - MainProcess - INFO - Parsed 10 valid logs from partition 0
2025-03-19 06:50:57,050 - MainProcess - INFO - Parsed 10 valid logs from partition 1
2025-03-19 06:51:05,868 - MainProcess - INFO - Parsed 10 valid logs from partition 0
2025-03-19 06:51:13,016 - MainProcess - INFO - Parsed 10 valid logs from partition 1
2025-03-19 06:51:20,254 - MainProcess - INFO - Parsed 10 valid logs from partition 0
2025-03-19 06:51:28,107 - MainProcess - INFO - Parsed 10 valid logs from partition 1
2025-03-19 06:51:35,785 - MainProcess - INFO - Parsed 10 valid logs from partition 0
2025-03-19 06:51:44,151 - MainProcess - INFO - Parsed 10 valid logs from partition 1
2025-03-19 06:51:52,578 - MainProcess - INFO - Parsed 10 valid logs from partition 0
2025-03-19 06:52:01,331 - MainProcess - INFO - Parsed 10 valid logs from partition 1
2025-03-19 06:52:09,003 - MainProcess - INFO - Parsed 10 valid logs from partition 0
2025-03-19 06:52:16,641 - MainProcess - INFO - Parsed 10 valid logs from partition 1
2025-03-19 06:52:23,701 - MainProcess - INFO - Parsed 10 valid logs from partition 0
2025-03-19 06:52:32,033 - MainProcess - INFO - Parsed 10 valid logs from partition 1
2025-03-19 06:52:40,441 - MainProcess - INFO - Parsed 10 valid logs from partition 0
2025-03-19 06:52:49,168 - MainProcess - INFO - Parsed 10 valid logs from partition 1
2025-03-19 06:52:56,280 - MainProcess - INFO - Parsed 10 valid logs from partition 0
2025-03-19 06:53:04,948 - MainProcess - INFO - Parsed 10 valid logs from partition 1
2025-03-19 06:53:13,575 - MainProcess - INFO - Parsed 10 valid logs from partition 0
2025-03-19 06:53:22,328 - MainProcess - INFO - Parsed 10 valid logs from partition 1
2025-03-19 06:53:30,631 - MainProcess - INFO - Parsed 10 valid logs from partition 0
2025-03-19 06:53:38,125 - MainProcess - INFO - Parsed 10 valid logs from partition 1
2025-03-19 06:53:43,743 - MainProcess - INFO - Parsed 10 valid logs from partition 0
2025-03-19 06:53:50,899 - MainProcess - INFO - Parsed 10 valid logs from partition 1
2025-03-19 06:53:59,211 - MainProcess - INFO - Parsed 10 valid logs from partition 0
2025-03-19 06:54:08,062 - MainProcess - INFO - Parsed 10 valid logs from partition 1
2025-03-19 06:54:16,007 - MainProcess - INFO - Parsed 10 valid logs from partition 0
2025-03-19 06:54:24,509 - MainProcess - INFO - Parsed 10 valid logs from partition 1
2025-03-19 06:54:30,498 - MainProcess - INFO - Parsed 10 valid logs from partition 0
2025-03-19 06:54:38,699 - MainProcess - INFO - Parsed 10 valid logs from partition 1
2025-03-19 06:54:45,882 - MainProcess - INFO - Parsed 10 valid logs from partition 0
2025-03-19 06:54:53,139 - MainProcess - INFO - Parsed 10 valid logs from partition 1
2025-03-19 06:55:00,193 - MainProcess - INFO - Parsed 10 valid logs from partition 0
2025-03-19 06:55:08,135 - MainProcess - INFO - Parsed 10 valid logs from partition 1
2025-03-19 06:55:16,301 - MainProcess - INFO - Parsed 10 valid logs from partition 0
2025-03-19 06:55:24,244 - MainProcess - INFO - Parsed 10 valid logs from partition 1
2025-03-19 06:55:32,582 - MainProcess - INFO - Parsed 10 valid logs from partition 0
2025-03-19 06:55:41,907 - MainProcess - INFO - Parsed 10 valid logs from partition 1
2025-03-19 06:55:49,806 - MainProcess - INFO - Parsed 10 valid logs from partition 0
2025-03-19 06:55:58,503 - MainProcess - INFO - Parsed 10 valid logs from partition 1
2025-03-19 06:56:07,418 - MainProcess - INFO - Parsed 10 valid logs from partition 0
2025-03-19 06:56:15,113 - MainProcess - INFO - Parsed 10 valid logs from partition 1
2025-03-19 06:56:21,648 - MainProcess - INFO - Parsed 10 valid logs from partition 0
2025-03-19 06:56:29,739 - MainProcess - INFO - Parsed 10 valid logs from partition 1
2025-03-19 06:56:38,897 - MainProcess - INFO - Parsed 10 valid logs from partition 0
2025-03-19 06:56:46,850 - MainProcess - INFO - Parsed 10 valid logs from partition 1
2025-03-19 06:56:55,969 - MainProcess - INFO - Parsed 10 valid logs from partition 0
2025-03-19 06:57:02,953 - MainProcess - INFO - Parsed 10 valid logs from partition 1
2025-03-19 06:57:10,117 - MainProcess - INFO - Parsed 10 valid logs from partition 0
2025-03-19 06:57:18,692 - MainProcess - INFO - Parsed 10 valid logs from partition 1
2025-03-19 06:57:29,466 - MainProcess - INFO - Parsed 10 valid logs from partition 0
2025-03-19 06:57:35,503 - MainProcess - INFO - Parsed 10 valid logs from partition 1
2025-03-19 06:57:43,175 - MainProcess - INFO - Parsed 10 valid logs from partition 0
2025-03-19 06:57:53,472 - MainProcess - INFO - Parsed 10 valid logs from partition 1
2025-03-19 06:58:01,267 - MainProcess - INFO - Parsed 10 valid logs from partition 0
2025-03-19 06:58:07,242 - MainProcess - INFO - Parsed 10 valid logs from partition 1
2025-03-19 06:58:15,952 - MainProcess - INFO - Parsed 10 valid logs from partition 0
2025-03-19 06:58:24,751 - MainProcess - INFO - Parsed 10 valid logs from partition 1
2025-03-19 06:58:33,317 - MainProcess - INFO - Parsed 10 valid logs from partition 0
2025-03-19 06:58:40,253 - MainProcess - INFO - Parsed 10 valid logs from partition 1
2025-03-19 06:58:47,732 - MainProcess - INFO - Parsed 10 valid logs from partition 0
2025-03-19 06:58:55,928 - MainProcess - INFO - Parsed 10 valid logs from partition 1
2025-03-19 06:59:03,475 - MainProcess - INFO - Parsed 10 valid logs from partition 0
2025-03-19 06:59:11,743 - MainProcess - INFO - Parsed 10 valid logs from partition 1
2025-03-19 06:59:21,098 - MainProcess - INFO - Parsed 10 valid logs from partition 0
2025-03-19 06:59:31,388 - MainProcess - INFO - Parsed 10 valid logs from partition 1
2025-03-19 06:59:39,643 - MainProcess - INFO - Parsed 10 valid logs from partition 0
2025-03-19 06:59:49,376 - MainProcess - INFO - Parsed 10 valid logs from partition 1
2025-03-19 06:59:58,708 - MainProcess - INFO - Parsed 10 valid logs from partition 0
2025-03-19 07:00:05,093 - MainProcess - INFO - Parsed 10 valid logs from partition 1
2025-03-19 07:00:14,260 - MainProcess - INFO - Parsed 10 valid logs from partition 0
2025-03-19 07:00:21,837 - MainProcess - INFO - Parsed 10 valid logs from partition 1
2025-03-19 07:00:29,547 - MainProcess - INFO - Parsed 10 valid logs from partition 0
2025-03-19 07:00:37,334 - MainProcess - INFO - Parsed 10 valid logs from partition 1
2025-03-19 07:00:47,257 - MainProcess - INFO - Parsed 10 valid logs from partition 0
2025-03-19 07:00:51,667 - MainProcess - INFO - Parsed 10 valid logs from partition 1
2025-03-19 07:01:01,406 - MainProcess - INFO - Parsed 10 valid logs from partition 0
2025-03-19 07:01:08,948 - MainProcess - INFO - Parsed 10 valid logs from partition 1
2025-03-19 07:01:16,617 - MainProcess - INFO - Parsed 10 valid logs from partition 0
2025-03-19 07:01:25,481 - MainProcess - INFO - Parsed 10 valid logs from partition 1
2025-03-19 07:01:33,515 - MainProcess - INFO - Parsed 10 valid logs from partition 0
2025-03-19 07:01:43,188 - MainProcess - INFO - Parsed 10 valid logs from partition 1
2025-03-19 07:01:50,428 - MainProcess - INFO - Parsed 10 valid logs from partition 0
2025-03-19 07:01:58,734 - MainProcess - INFO - Parsed 10 valid logs from partition 1
2025-03-19 07:02:07,207 - MainProcess - INFO - Parsed 10 valid logs from partition 0
2025-03-19 07:02:14,397 - MainProcess - INFO - Parsed 10 valid logs from partition 1
2025-03-19 07:02:24,123 - MainProcess - INFO - Parsed 10 valid logs from partition 0
2025-03-19 07:02:30,038 - MainProcess - INFO - Parsed 10 valid logs from partition 1
2025-03-19 07:02:34,625 - MainProcess - INFO - Parsed 10 valid logs from partition 0
2025-03-19 07:02:41,988 - MainProcess - INFO - Parsed 10 valid logs from partition 1
2025-03-19 07:02:49,878 - MainProcess - INFO - Parsed 10 valid logs from partition 0
2025-03-19 07:02:56,402 - MainProcess - INFO - Parsed 10 valid logs from partition 1
2025-03-19 07:03:03,375 - MainProcess - INFO - Parsed 10 valid logs from partition 0
2025-03-19 07:03:10,617 - MainProcess - INFO - Parsed 10 valid logs from partition 1
2025-03-19 07:03:20,082 - MainProcess - INFO - Parsed 10 valid logs from partition 0
2025-03-19 07:03:27,206 - MainProcess - INFO - Parsed 10 valid logs from partition 1
2025-03-19 07:03:35,969 - MainProcess - INFO - Parsed 10 valid logs from partition 0
2025-03-19 07:03:43,497 - MainProcess - INFO - Parsed 10 valid logs from partition 1
2025-03-19 07:03:50,123 - MainProcess - INFO - Parsed 10 valid logs from partition 0
2025-03-19 07:03:58,682 - MainProcess - INFO - Parsed 10 valid logs from partition 1
2025-03-19 07:04:03,850 - MainProcess - INFO - Parsed 10 valid logs from partition 0
2025-03-19 07:04:11,027 - MainProcess - INFO - Parsed 10 valid logs from partition 1
2025-03-19 07:04:19,744 - MainProcess - INFO - Parsed 10 valid logs from partition 0
2025-03-19 07:04:26,726 - MainProcess - INFO - Parsed 10 valid logs from partition 1
2025-03-19 07:04:37,560 - MainProcess - INFO - Parsed 10 valid logs from partition 0
2025-03-19 07:04:46,862 - MainProcess - INFO - Parsed 10 valid logs from partition 1
2025-03-19 07:04:55,218 - MainProcess - INFO - Parsed 10 valid logs from partition 0
2025-03-19 07:05:06,320 - MainProcess - INFO - Parsed 10 valid logs from partition 1
2025-03-19 07:05:15,234 - MainProcess - INFO - Parsed 10 valid logs from partition 0
2025-03-19 07:05:23,244 - MainProcess - INFO - Parsed 10 valid logs from partition 1
2025-03-19 07:05:29,198 - MainProcess - INFO - Parsed 10 valid logs from partition 0
2025-03-19 07:05:37,271 - MainProcess - INFO - Parsed 10 valid logs from partition 1
2025-03-19 07:05:43,667 - MainProcess - INFO - Parsed 10 valid logs from partition 0
2025-03-19 07:05:51,160 - MainProcess - INFO - Parsed 10 valid logs from partition 1
2025-03-19 07:05:58,341 - MainProcess - INFO - Parsed 10 valid logs from partition 0
2025-03-19 07:06:05,718 - MainProcess - INFO - Parsed 10 valid logs from partition 1
2025-03-19 07:06:13,187 - MainProcess - INFO - Parsed 10 valid logs from partition 0
2025-03-19 07:06:20,991 - MainProcess - INFO - Parsed 10 valid logs from partition 1
2025-03-19 07:06:28,531 - MainProcess - INFO - Parsed 10 valid logs from partition 0
2025-03-19 07:21:42,363 - PartitionProcess-1 - INFO - Parsed 10 valid logs from partition 1
2025-03-19 07:21:42,382 - PartitionProcess-2 - INFO - Parsed 10 valid logs from partition 1
2025-03-19 07:30:56,956 - PartitionProcess-2 - INFO - Parsed 10 valid logs from partition 1
2025-03-19 07:30:56,958 - PartitionProcess-1 - INFO - Parsed 10 valid logs from partition 1
2025-03-19 07:31:02,917 - PartitionProcess-2 - INFO - Parsed 10 valid logs from partition 0
2025-03-19 07:31:02,917 - PartitionProcess-1 - INFO - Parsed 10 valid logs from partition 0
2025-03-19 07:41:07,297 - PartitionProcess-1 - INFO - Parsed 10 valid logs from partition 0
2025-03-19 07:41:07,298 - PartitionProcess-2 - INFO - Parsed 10 valid logs from partition 0
